\BOOKMARK [1][-]{section*.1}{Contents}{}% 1
\BOOKMARK [1][-]{section*.2}{Introduction}{}% 2
\BOOKMARK [1][-]{section*.3}{Parton\040Construction\040and\040Mean-field\040Approach}{}% 3
\BOOKMARK [2][-]{section*.4}{Abrikosov\040Femion}{section*.3}% 4
\BOOKMARK [2][-]{section*.5}{Physical\040Symmetry\040and\040Gauge\040Redundancy}{section*.3}% 5
\BOOKMARK [2][-]{section*.6}{Schwinger\040Bosons}{section*.3}% 6
\BOOKMARK [2][-]{section*.7}{Mean-Field\040Approximation}{section*.3}% 7
\BOOKMARK [1][-]{section*.8}{Projective\040Symmetry\040Group}{}% 8
\BOOKMARK [2][-]{section*.9}{PSG\040and\040IGG}{section*.8}% 9
\BOOKMARK [2][-]{section*.10}{Physical\040Origin\040of\040IGG:\040Anderson-Higgs\040Mechanism\040under\040Translation-invairant\040Ansatzs}{section*.8}% 10
\BOOKMARK [1][-]{section*.11}{Classification\040of\040PSG}{}% 11
\BOOKMARK [2][-]{section*.12}{Z2\040Spin\040Liquids\040with\040Translation\040Symmetries}{section*.11}% 12
\BOOKMARK [3][-]{section*.13}{Plus\040Time-reversal\040Symmetry}{section*.12}% 13
\BOOKMARK [3][-]{section*.14}{Plus\040Parity\040Symmetries}{section*.12}% 14
\BOOKMARK [2][-]{section*.15}{U\(1\)\040or\040SU\(2\)\040Spin\040Liquids\040with\040Translation\040Symmetries}{section*.11}% 15
\BOOKMARK [3][-]{section*.16}{Plus\040Time-Reversal\040Symmetry}{section*.15}% 16
\BOOKMARK [3][-]{section*.17}{Plus\040Parity\040Symmetrise}{section*.15}% 17
\BOOKMARK [1][-]{section*.18}{Selected\040Examples\040of\040Ansatz:\040Spectrum,\040Phase\040Diagram\040and\040Low\040Energy\040Effective\040Theory}{}% 18
\BOOKMARK [2][-]{section*.19}{-flux\040State}{section*.18}% 19
\BOOKMARK [3][-]{section*.20}{Staggered\040Flux\040Liquids}{section*.19}% 20
\BOOKMARK [3][-]{section*.21}{Z2-gapped\040State}{section*.19}% 21
\BOOKMARK [1][-]{section*.22}{References}{}% 22
