\BOOKMARK [1][-]{section*.1}{\376\377\000C\000o\000n\000t\000e\000n\000t\000s}{}% 1
\BOOKMARK [1][-]{section*.2}{\376\377\000M\000o\000t\000t\000\040\000I\000n\000s\000u\000l\000a\000t\000o\000r\000\040\000a\000n\000d\000\040\000H\000u\000b\000b\000a\000r\000d\000\040\000M\000o\000d\000e\000l}{}% 2
\BOOKMARK [2][-]{section*.3}{\376\377\000H\000o\000w\000\040\000t\000o\000\040\000G\000e\000u\000s\000s\000\040\000t\000h\000e\000\040\000F\000o\000r\000m\000\040\000o\000f\000\040\000L\000o\000w\000-\000e\000n\000e\000r\000g\000y\000\040\000E\000f\000f\000e\000t\000i\000v\000e\000\040\000H\000a\000m\000i\000l\000t\000o\000n\000i\000a\000n\000\040\000W\000i\000t\000h\000\040\000C\000r\000y\000s\000t\000a\000l\000l\000i\000n\000e\000\040\000S\000y\000m\000m\000e\000t\000r\000y\000?}{section*.2}% 3
\BOOKMARK [2][-]{section*.4}{\376\377\000H\000o\000w\000\040\000t\000o\000\040\000G\000u\000e\000s\000s\000\040\000t\000h\000e\000\040\000L\000o\000w\000-\000e\000n\000e\000r\000g\000y\000\040\000E\000f\000f\000e\000c\000t\000i\000v\000e\000\040\000F\000o\000r\000m\000\040\000o\000f\000\040\000O\000n\000e\000\040\000O\000p\000e\000r\000a\000t\000o\000r\000\040\000w\000i\000t\000h\000\040\000S\000p\000i\000n\000\040\000D\000e\000g\000r\000e\000e\000\040\000o\000f\000\040\000F\000r\000e\000e\000d\000o\000m\000?}{section*.2}% 4
\BOOKMARK [2][-]{section*.5}{\376\377\000W\000h\000y}{section*.2}% 5
\BOOKMARK [1][-]{section*.6}{\376\377\000N\000o\000n\000l\000i\000n\000e\000a\000r\000\040\000R\000e\000s\000p\000o\000n\000s\000e}{}% 6
\BOOKMARK [2][-]{section*.7}{}{section*.6}% 7
\BOOKMARK [1][-]{section*.8}{\376\377\000S\000P\000T\000\040\000a\000n\000d\000\040\000C\000o\000h\000o\000m\000o\000l\000o\000g\000y}{}% 8
\BOOKMARK [2][-]{section*.9}{\376\377\000S\000i\000g\000n\000i\000f\000i\000c\000a\000n\000t\000\040\000P\000h\000y\000s\000i\000c\000a\000l\000\040\000D\000i\000f\000f\000e\000r\000e\000n\000c\000e\000\040\000i\000n\000\040\0001\000D\000\040\000a\000n\000d\000\040\0002\000D}{section*.8}% 9
\BOOKMARK [2][-]{section*.10}{\376\377\000W\000o\000r\000k\000\040\000f\000o\000r\000\040\000C\000o\000n\000t\000i\000n\000u\000o\000u\000s\000\040\000G\000o\000u\000p\000?}{section*.8}% 10
\BOOKMARK [1][-]{section*.11}{\376\377\000S\000E\000T\000\040\000a\000n\000d\000\040\000E\000x\000a\000c\000t\000l\000y\000\040\000S\000o\000l\000v\000a\000b\000l\000e\000\040\000M\000o\000d\000e\000l\000:\000\040\000P\000r\000o\000j\000e\000c\000t\000i\000v\000e\000\040\000S\000y\000m\000m\000e\000t\000r\000y\000\040\000G\000r\000o\000u\000p\000\040\000A\000p\000p\000r\000o\000a\000c\000h}{}% 11
\BOOKMARK [2][-]{section*.12}{\376\377\000P\000h\000y\000s\000i\000c\000a\000l\000\040\000S\000t\000a\000t\000e\000,\000\040\000A\000n\000y\000o\000n\000i\000c\000\040\000E\000x\000c\000i\000t\000a\000t\000i\000o\000n\000\040\000a\000n\000d\000\040\000P\000r\000o\000j\000e\000c\000t\000i\000v\000e\000\040\000R\000e\000p\000r\000e\000s\000e\000n\000t\000a\000t\000i\000o\000n}{section*.11}% 12
\BOOKMARK [2][-]{section*.13}{\376\377\000E\000s\000s\000e\000n\000t\000i\000a\000l\000\040\000G\000a\000u\000g\000e\000\040\000G\000r\000o\000u\000p\000/\000G\000a\000u\000g\000e\000\040\000G\000r\000o\000u\000p\000\040\000o\000f\000\040\000a\000\040\000M\000o\000d\000e\000l}{section*.11}% 13
\BOOKMARK [2][-]{section*.14}{\376\377\000W\000h\000y\000\040\000w\000e\000\040\000c\000h\000o\000o\000s\000e\000\040\000G\000\040\000t\000o\000\040\000b\000e\000\040\000o\000n\000e\000?}{section*.11}% 14
\BOOKMARK [2][-]{section*.15}{\376\377\000K\000r\000a\000m\000e\000r\000s\000-\000W\000a\000n\000n\000i\000e\000r\000-\000W\000e\000g\000n\000e\000r\000\040\000D\000u\000a\000l\000i\000t\000y\000:\000\040\000E\000x\000a\000c\000t\000\040\000o\000r\000\040\000N\000o\000t}{section*.11}% 15
\BOOKMARK [2][-]{section*.16}{\376\377\000G\000a\000u\000g\000e\000\040\000S\000y\000m\000m\000e\000t\000r\000y\000\040\000i\000s\000\040\000N\000o\000t\000\040\000a\000\040\000S\000y\000m\000m\000e\000t\000r\000y}{section*.11}% 16
\BOOKMARK [1][-]{section*.17}{\376\377\000T\000e\000n\000s\000o\000r\000\040\000N\000e\000t\000w\000o\000r\000k\000\040\000a\000n\000d\000\040\000A\000l\000g\000o\000r\000i\000t\000h\000m}{}% 17
\BOOKMARK [2][-]{section*.18}{\376\377\000S\000h\000o\000r\000t\000-\000R\000a\000n\000g\000e\000\040\000P\000h\000y\000s\000i\000c\000s\000:\000\040\000S\000y\000m\000m\000e\000t\000r\000y\000-\000b\000r\000e\000a\000k\000i\000n\000g\000\040\000C\000l\000u\000e\000s\000\040\000w\000i\000t\000h\000o\000u\000t\000\040\000T\000h\000e\000r\000m\000o\000d\000y\000n\000a\000m\000i\000c\000\040\000L\000i\000m\000i\000t}{section*.17}% 18
\BOOKMARK [2][-]{section*.19}{\376\377\000E\000n\000t\000a\000n\000g\000l\000e\000m\000e\000n\000t\000\040\000E\000n\000t\000r\000o\000y\000\040\000a\000n\000d\000\040\000A\000r\000e\000a\000\040\000L\000a\000w}{section*.17}% 19
\BOOKMARK [2][-]{section*.20}{\376\377\000S\000V\000D\000\040\000o\000f\000\040\000M\000a\000n\000y\000-\000p\000a\000r\000t\000i\000c\000l\000e\000\040\000W\000a\000v\000e\000\040\000F\000u\000n\000c\000t\000i\000o\000n}{section*.17}% 20
\BOOKMARK [1][-]{section*.21}{\376\377\000S\000p\000i\000n\000\040\000L\000i\000q\000u\000i\000d\000s}{}% 21
\BOOKMARK [2][-]{section*.22}{\376\377\000I\000s\000\040\000s\000l\000a\000v\000e\000\040\000b\000o\000s\000o\000n\000\040\000o\000r\000\040\000s\000l\000a\000v\000e\000\040\000f\000e\000r\000m\000i\000o\000n\000\040\000m\000e\000t\000h\000o\000d\000\040\000j\000u\000s\000t\000\040\000a\000\040\000m\000e\000t\000h\000e\000m\000a\000t\000i\000c\000a\000l\000\040\000t\000r\000i\000c\000k\000\040\000o\000r\000\040\000a\000b\000l\000e\000\040\000t\000o\000\040\000b\000r\000i\000n\000g\000\040\000i\000n\000\040\000n\000e\000w\000\040\000p\000h\000y\000s\000i\000c\000s}{section*.21}% 22
\BOOKMARK [2][-]{section*.23}{\376\377\000W\000h\000y\000\040\000i\000s\000\040\000\050\0002\000+\0001\000\051\000D\000\040\000U\000\050\0001\000\051\000\040\000g\000a\000u\000g\000e\000\040\000f\000i\000e\000l\000d\000\040\000c\000o\000n\000f\000i\000n\000i\000n\000g\000?}{section*.21}% 23
\BOOKMARK [2][-]{section*.24}{\376\377\000H\000o\000w\000\040\000t\000o\000\040\000u\000n\000d\000e\000r\000s\000t\000a\000n\000d\000\040\000t\000h\000e\000\040\000c\000o\000m\000p\000l\000e\000x\000i\000t\000y\000\040\000b\000r\000o\000u\000g\000h\000t\000\040\000b\000y\000\040\000t\000h\000e\000\040\000S\000U\000\050\0002\000\051\000\040\000g\000a\000u\000g\000e\000\040\000s\000t\000r\000u\000c\000t\000u\000r\000e}{section*.21}% 24
\BOOKMARK [2][-]{section*.25}{\376\377\000W\000h\000y\000\040\000i\000s\000\040\000G\000r\000o\000u\000n\000d\000\040\000S\000t\000a\000t\000e\000\040\000o\000f\000\040\000A\000n\000t\000i\000f\000e\000r\000r\000o\000m\000a\000g\000n\000e\000t\000i\000c\000\040\000H\000e\000i\000s\000e\000n\000b\000e\000r\000g\000\040\000M\000o\000d\000e\000l\000\040\000a\000\040\000S\000p\000i\000n\000-\000s\000i\000n\000g\000l\000e\000t\000?}{section*.21}% 25
\BOOKMARK [1][-]{section*.26}{\376\377\000Q\000u\000a\000n\000t\000u\000m\000\040\000P\000h\000a\000s\000e\000\040\000T\000r\000a\000n\000s\000i\000t\000i\000o\000n}{}% 26
\BOOKMARK [2][-]{section*.27}{\376\377\000W\000h\000y\000\040\000i\000s\000\040\000C\000F\000T\000\040\000u\000n\000i\000v\000e\000r\000s\000a\000l\000\040\000n\000e\000a\000r\000\040\000t\000h\000e\000\040\000r\000e\000g\000i\000o\000n\000\040\000o\000f\000\040\000Q\000u\000a\000n\000t\000u\000m\000\040\000C\000r\000i\000t\000i\000c\000a\000l\000i\000t\000y\000?}{section*.26}% 27
\BOOKMARK [1][-]{section*.28}{\376\377\000R\000e\000f\000e\000r\000e\000n\000c\000e\000s}{}% 28
